Using pre-set license
Built from '2021.3/staging' branch; Version is '2021.3.4f1 (cb45f9cae8b7) revision 13321721'; Using compiler version '192829333'; Build Type 'Release'
OS: 'Windows 11  (10.0.22621) 64bit Core' Language: 'pl' Physical Memory: 16304 MB
BatchMode: 1, IsHumanControllingUs: 0, StartBugReporterOnCrash: 0, Is64bit: 1, IsPro: 1

COMMAND LINE ARGUMENTS:
C:\Program Files\Unity\Hub\Editor\2021.3.4f1\Editor\Unity.exe
-adb2
-batchMode
-noUpm
-name
AssetImportWorker0
-projectPath
C:/Users/micsz/Desktop/Pituita
-logFile
Logs/AssetImportWorker0.log
-srvPort
61868
Successfully changed project path to: C:/Users/micsz/Desktop/Pituita
C:/Users/micsz/Desktop/Pituita
[UnityMemory] Configuration Parameters - Can be set up in boot.config
    "memorysetup-bucket-allocator-granularity=16"
    "memorysetup-bucket-allocator-bucket-count=8"
    "memorysetup-bucket-allocator-block-size=33554432"
    "memorysetup-bucket-allocator-block-count=8"
    "memorysetup-main-allocator-block-size=16777216"
    "memorysetup-thread-allocator-block-size=16777216"
    "memorysetup-gfx-main-allocator-block-size=16777216"
    "memorysetup-gfx-thread-allocator-block-size=16777216"
    "memorysetup-cache-allocator-block-size=4194304"
    "memorysetup-typetree-allocator-block-size=2097152"
    "memorysetup-profiler-bucket-allocator-granularity=16"
    "memorysetup-profiler-bucket-allocator-bucket-count=8"
    "memorysetup-profiler-bucket-allocator-block-size=33554432"
    "memorysetup-profiler-bucket-allocator-block-count=8"
    "memorysetup-profiler-allocator-block-size=16777216"
    "memorysetup-profiler-editor-allocator-block-size=1048576"
    "memorysetup-temp-allocator-size-main=16777216"
    "memorysetup-job-temp-allocator-block-size=2097152"
    "memorysetup-job-temp-allocator-block-size-background=1048576"
    "memorysetup-job-temp-allocator-reduction-small-platforms=262144"
    "memorysetup-temp-allocator-size-background-worker=32768"
    "memorysetup-temp-allocator-size-job-worker=262144"
    "memorysetup-temp-allocator-size-preload-manager=33554432"
    "memorysetup-temp-allocator-size-nav-mesh-worker=65536"
    "memorysetup-temp-allocator-size-audio-worker=65536"
    "memorysetup-temp-allocator-size-cloud-worker=32768"
    "memorysetup-temp-allocator-size-gi-baking-worker=262144"
    "memorysetup-temp-allocator-size-gfx=262144"
Refreshing native plugins compatible for Editor in 133.46 ms, found 4 plugins.
Preloading 0 native plugins for Editor in 0.00 ms.
Initialize engine version: 2021.3.4f1 (cb45f9cae8b7)
[Subsystems] Discovering subsystems at path C:/Program Files/Unity/Hub/Editor/2021.3.4f1/Editor/Data/Resources/UnitySubsystems
[Subsystems] Discovering subsystems at path C:/Users/micsz/Desktop/Pituita/Assets
GfxDevice: creating device client; threaded=0; jobified=0
Direct3D:
    Version:  Direct3D 11.0 [level 11.1]
    Renderer: NVIDIA GeForce GTX 1650 (ID=0x1f91)
    Vendor:   NVIDIA
    VRAM:     3949 MB
    Driver:   31.0.15.2802
Initialize mono
Mono path[0] = 'C:/Program Files/Unity/Hub/Editor/2021.3.4f1/Editor/Data/Managed'
Mono path[1] = 'C:/Program Files/Unity/Hub/Editor/2021.3.4f1/Editor/Data/MonoBleedingEdge/lib/mono/unityjit-win32'
Mono config path = 'C:/Program Files/Unity/Hub/Editor/2021.3.4f1/Editor/Data/MonoBleedingEdge/etc'
Using monoOptions --debugger-agent=transport=dt_socket,embedding=1,server=y,suspend=n,address=127.0.0.1:56656
Begin MonoManager ReloadAssembly
Registering precompiled unity dll's ...
Register platform support module: C:/Program Files/Unity/Hub/Editor/2021.3.4f1/Editor/Data/PlaybackEngines/WindowsStandaloneSupport/UnityEditor.WindowsStandalone.Extensions.dll
Registered in 0.004863 seconds.
Native extension for WindowsStandalone target not found
Refreshing native plugins compatible for Editor in 136.94 ms, found 4 plugins.
Preloading 0 native plugins for Editor in 0.00 ms.
Mono: successfully reloaded assembly
- Completed reload, in  0.743 seconds
Domain Reload Profiling:
	ReloadAssembly (744ms)
		BeginReloadAssembly (69ms)
			ExecutionOrderSort (0ms)
			DisableScriptedObjects (0ms)
			BackupInstance (0ms)
			ReleaseScriptingObjects (0ms)
			CreateAndSetChildDomain (1ms)
		EndReloadAssembly (570ms)
			LoadAssemblies (67ms)
			RebuildTransferFunctionScriptingTraits (0ms)
			SetupTypeCache (116ms)
			ReleaseScriptCaches (0ms)
			RebuildScriptCaches (51ms)
			SetupLoadedEditorAssemblies (340ms)
				LogAssemblyErrors (0ms)
				InitializePlatformSupportModulesInManaged (10ms)
				SetLoadedEditorAssemblies (1ms)
				RefreshPlugins (137ms)
				BeforeProcessingInitializeOnLoad (1ms)
				ProcessInitializeOnLoadAttributes (145ms)
				ProcessInitializeOnLoadMethodAttributes (46ms)
				AfterProcessingInitializeOnLoad (0ms)
				EditorAssembliesLoaded (0ms)
			ExecutionOrderSort2 (0ms)
			AwakeInstancesAfterBackupRestoration (0ms)
Platform modules already initialized, skipping
Registering precompiled user dll's ...
Registered in 0.016422 seconds.
Begin MonoManager ReloadAssembly
Symbol file LoadedFromMemory doesn't match image C:\Users\micsz\Desktop\Pituita\Library\PackageCache\com.unity.visualscripting@1.7.8\Editor\VisualScripting.Core\Dependencies\DotNetZip\Unity.VisualScripting.IonicZip.dll
Symbol file LoadedFromMemory doesn't match image C:\Users\micsz\Desktop\Pituita\Library\PackageCache\com.unity.visualscripting@1.7.8\Editor\VisualScripting.Core\Dependencies\YamlDotNet\Unity.VisualScripting.YamlDotNet.dll
Native extension for WindowsStandalone target not found
Refreshing native plugins compatible for Editor in 129.40 ms, found 4 plugins.
Preloading 0 native plugins for Editor in 0.00 ms.
Mono: successfully reloaded assembly
- Completed reload, in  2.151 seconds
Domain Reload Profiling:
	ReloadAssembly (2152ms)
		BeginReloadAssembly (120ms)
			ExecutionOrderSort (0ms)
			DisableScriptedObjects (6ms)
			BackupInstance (0ms)
			ReleaseScriptingObjects (0ms)
			CreateAndSetChildDomain (20ms)
		EndReloadAssembly (1886ms)
			LoadAssemblies (134ms)
			RebuildTransferFunctionScriptingTraits (0ms)
			SetupTypeCache (516ms)
			ReleaseScriptCaches (1ms)
			RebuildScriptCaches (76ms)
			SetupLoadedEditorAssemblies (1107ms)
				LogAssemblyErrors (0ms)
				InitializePlatformSupportModulesInManaged (4ms)
				SetLoadedEditorAssemblies (0ms)
				RefreshPlugins (129ms)
				BeforeProcessingInitializeOnLoad (180ms)
				ProcessInitializeOnLoadAttributes (741ms)
				ProcessInitializeOnLoadMethodAttributes (46ms)
				AfterProcessingInitializeOnLoad (6ms)
				EditorAssembliesLoaded (0ms)
			ExecutionOrderSort2 (0ms)
			AwakeInstancesAfterBackupRestoration (7ms)
Platform modules already initialized, skipping
========================================================================
Worker process is ready to serve import requests
Launched and connected shader compiler UnityShaderCompiler.exe after 0.04 seconds
Refreshing native plugins compatible for Editor in 1.06 ms, found 4 plugins.
Preloading 0 native plugins for Editor in 0.00 ms.
Unloading 5765 Unused Serialized files (Serialized files now loaded: 0)
Unloading 65 unused Assets / (0.8 MB). Loaded Objects now: 6230.
Memory consumption went from 232.5 MB to 231.7 MB.
Total: 5.082600 ms (FindLiveObjects: 0.644700 ms CreateObjectMapping: 0.507300 ms MarkObjects: 3.571300 ms  DeleteObjects: 0.357500 ms)

AssetImportParameters requested are different than current active one (requested -> active):
  custom:video-decoder-ogg-theora: a1e56fd34408186e4bbccfd4996cb3dc -> 
  custom:container-muxer-webm: aa71ff27fc2769a1b78a27578f13a17b -> 
  custom:container-demuxer-webm: 4f35f7cbe854078d1ac9338744f61a02 -> 
  custom:video-encoder-webm-vp8: eb34c28f22e8b96e1ab97ce403110664 -> 
  custom:audio-encoder-webm-vorbis: bf7c407c2cedff20999df2af8eb42d56 -> 
  custom:framework-win-MediaFoundation: 216162199b28c13a410421893ffa2e32 -> 
  custom:container-demuxer-ogg: 62fdf1f143b41e24485cea50d1cbac27 -> 
  custom:video-decoder-webm-vp8: 9c59270c3fd7afecdb556c50c9e8de78 -> 
  custom:audio-decoder-ogg-vorbis: bf7c407c2cedff20999df2af8eb42d56 -> 
========================================================================
Received Import Request.
  Time since last request: 1073707.301178 seconds.
  path: Assets/Map/Modular Elements/Basement_Corner.fbx
  artifactKey: Guid(95846233a45b2874c9828e6a68691ee8) Importer(815301076,1909f56bfc062723c751e8b465ee728b)
Start importing Assets/Map/Modular Elements/Basement_Corner.fbx using Guid(95846233a45b2874c9828e6a68691ee8) Importer(815301076,1909f56bfc062723c751e8b465ee728b)  -> (artifact id: 'd163e3f65ec4e45c6cd2b133f54206ff') in 0.359111 seconds 
========================================================================
Received Import Request.
  Time since last request: 0.000037 seconds.
  path: Assets/Map/Modular Elements/Dining_WindowWall_S.fbx
  artifactKey: Guid(564f07bec8a08804daa5f8b4caff98e0) Importer(815301076,1909f56bfc062723c751e8b465ee728b)
Start importing Assets/Map/Modular Elements/Dining_WindowWall_S.fbx using Guid(564f07bec8a08804daa5f8b4caff98e0) Importer(815301076,1909f56bfc062723c751e8b465ee728b)  -> (artifact id: 'b822b300b10570ee136d5bae5adb2989') in 0.048575 seconds 
========================================================================
Received Import Request.
  Time since last request: 0.000025 seconds.
  path: Assets/Map/Modular Elements/Dining_CornerWall.fbx
  artifactKey: Guid(0efa1d97296365543a3303fcb0d9a231) Importer(815301076,1909f56bfc062723c751e8b465ee728b)
Start importing Assets/Map/Modular Elements/Dining_CornerWall.fbx using Guid(0efa1d97296365543a3303fcb0d9a231) Importer(815301076,1909f56bfc062723c751e8b465ee728b)  -> (artifact id: '59e5f249032b8c89ab34976cb40df51a') in 0.055511 seconds 
========================================================================
Received Import Request.
  Time since last request: 0.000055 seconds.
  path: Assets/Map/Modular Elements/Basement_Wall_S.fbx
  artifactKey: Guid(3eb2493e5f5973c4ba463a4163eecb27) Importer(815301076,1909f56bfc062723c751e8b465ee728b)
Start importing Assets/Map/Modular Elements/Basement_Wall_S.fbx using Guid(3eb2493e5f5973c4ba463a4163eecb27) Importer(815301076,1909f56bfc062723c751e8b465ee728b)  -> (artifact id: '9009045945e319fa658fe23b2b377e99') in 0.035755 seconds 
========================================================================
Received Import Request.
  Time since last request: 636.452259 seconds.
  path: Assets/Map/Props
  artifactKey: Guid(ebceeb2e925074a4bb91b47c42070d4d) Importer(815301076,1909f56bfc062723c751e8b465ee728b)
Start importing Assets/Map/Props using Guid(ebceeb2e925074a4bb91b47c42070d4d) Importer(815301076,1909f56bfc062723c751e8b465ee728b)  -> (artifact id: '3c19dad5269364a4829b7a6eb84e9f8d') in 0.006423 seconds 
========================================================================
Received Import Request.
  Time since last request: 2696.268735 seconds.
  path: Assets/Map/Modular Elements/Dining_CornerWall_L.fbx
  artifactKey: Guid(ae61a5f3bb555dd47808c6ca646ae17c) Importer(815301076,1909f56bfc062723c751e8b465ee728b)
Start importing Assets/Map/Modular Elements/Dining_CornerWall_L.fbx using Guid(ae61a5f3bb555dd47808c6ca646ae17c) Importer(815301076,1909f56bfc062723c751e8b465ee728b)  -> (artifact id: '66d27f50b07456342d2693a6a537fc2a') in 0.066131 seconds 
========================================================================
Received Import Request.
  Time since last request: 4.859893 seconds.
  path: Assets/Map/Modular Elements/Basement_Corner 1.fbx
  artifactKey: Guid(6b9bd4444bbbeb94ba35d6912b93e047) Importer(815301076,1909f56bfc062723c751e8b465ee728b)
Start importing Assets/Map/Modular Elements/Basement_Corner 1.fbx using Guid(6b9bd4444bbbeb94ba35d6912b93e047) Importer(815301076,1909f56bfc062723c751e8b465ee728b)  -> (artifact id: '6ff666fe9765fa3e4ef3ba87530f0ed5') in 0.060644 seconds 
========================================================================
Received Import Request.
  Time since last request: 175.440702 seconds.
  path: Assets/Map/Modular Elements/Dining_CornerWall_L 1.fbx
  artifactKey: Guid(dbfd7cdeec391434aacb20eb62238255) Importer(815301076,1909f56bfc062723c751e8b465ee728b)
Start importing Assets/Map/Modular Elements/Dining_CornerWall_L 1.fbx using Guid(dbfd7cdeec391434aacb20eb62238255) Importer(815301076,1909f56bfc062723c751e8b465ee728b)  -> (artifact id: '1db7c6cefb8748862f9bba34445dcf8d') in 0.024819 seconds 
========================================================================
Received Import Request.
  Time since last request: 2427.999568 seconds.
  path: Assets/Map/Modular Elements/DiningRoom
  artifactKey: Guid(e8912fff12e30d54a8b8e9db594271df) Importer(815301076,1909f56bfc062723c751e8b465ee728b)
Start importing Assets/Map/Modular Elements/DiningRoom using Guid(e8912fff12e30d54a8b8e9db594271df) Importer(815301076,1909f56bfc062723c751e8b465ee728b)  -> (artifact id: '6d87789c995bef65c639665a77b41a1c') in 0.005279 seconds 
========================================================================
Received Import Request.
  Time since last request: 17.638028 seconds.
  path: Assets/Map/Modular Elements/DiningRoom/Dining_BlankWall_L.fbx
  artifactKey: Guid(0438f9966de8b7a45a2f24821fb4ed82) Importer(815301076,1909f56bfc062723c751e8b465ee728b)
Start importing Assets/Map/Modular Elements/DiningRoom/Dining_BlankWall_L.fbx using Guid(0438f9966de8b7a45a2f24821fb4ed82) Importer(815301076,1909f56bfc062723c751e8b465ee728b)  -> (artifact id: '5dfe3bf0bd645006d02807be212bffd3') in 0.042544 seconds 
========================================================================
Received Import Request.
  Time since last request: 0.000045 seconds.
  path: Assets/Map/Modular Elements/DiningRoom/Dining_WindowWall_S.fbx
  artifactKey: Guid(a6efd4fd86e9ec64693c1ddb93057c9f) Importer(815301076,1909f56bfc062723c751e8b465ee728b)
Start importing Assets/Map/Modular Elements/DiningRoom/Dining_WindowWall_S.fbx using Guid(a6efd4fd86e9ec64693c1ddb93057c9f) Importer(815301076,1909f56bfc062723c751e8b465ee728b)  -> (artifact id: '9b7ab83aa6f1b65a32461d3f3819bdff') in 0.037676 seconds 
========================================================================
Received Import Request.
  Time since last request: 0.000081 seconds.
  path: Assets/Map/Modular Elements/DiningRoom/Dining_Wall_L.fbx
  artifactKey: Guid(8e877669422265a48814bb4d8837cb93) Importer(815301076,1909f56bfc062723c751e8b465ee728b)
Start importing Assets/Map/Modular Elements/DiningRoom/Dining_Wall_L.fbx using Guid(8e877669422265a48814bb4d8837cb93) Importer(815301076,1909f56bfc062723c751e8b465ee728b)  -> (artifact id: '8361f14060a0cb588bbcdff05956b75c') in 0.029095 seconds 
========================================================================
Received Import Request.
  Time since last request: 0.000033 seconds.
  path: Assets/Map/Modular Elements/DiningRoom/Dining_WindowWall_L.fbx
  artifactKey: Guid(7bcb497374c281c479037607ffa570ba) Importer(815301076,1909f56bfc062723c751e8b465ee728b)
Start importing Assets/Map/Modular Elements/DiningRoom/Dining_WindowWall_L.fbx using Guid(7bcb497374c281c479037607ffa570ba) Importer(815301076,1909f56bfc062723c751e8b465ee728b)  -> (artifact id: 'b84f95d35201edfaf267550cee781264') in 0.039778 seconds 
========================================================================
Received Import Request.
  Time since last request: 0.000032 seconds.
  path: Assets/Map/Modular Elements/DiningRoom/Dining_Wall_S.fbx
  artifactKey: Guid(24629d913bd5f784b95a41435e55619e) Importer(815301076,1909f56bfc062723c751e8b465ee728b)
Start importing Assets/Map/Modular Elements/DiningRoom/Dining_Wall_S.fbx using Guid(24629d913bd5f784b95a41435e55619e) Importer(815301076,1909f56bfc062723c751e8b465ee728b)  -> (artifact id: '622060f0446373318eb62010371c1811') in 0.035648 seconds 
========================================================================
Received Import Request.
  Time since last request: 0.000041 seconds.
  path: Assets/Map/Modular Elements/DiningRoom/Dining_CornerWall_S.fbx
  artifactKey: Guid(15bce2e924de5bb4781e96ca00fb11ac) Importer(815301076,1909f56bfc062723c751e8b465ee728b)
Start importing Assets/Map/Modular Elements/DiningRoom/Dining_CornerWall_S.fbx using Guid(15bce2e924de5bb4781e96ca00fb11ac) Importer(815301076,1909f56bfc062723c751e8b465ee728b)  -> (artifact id: 'd21769102c0aeaaf8681d5f4a5f19b62') in 0.025711 seconds 
========================================================================
Received Import Request.
  Time since last request: 20.700176 seconds.
  path: Assets/Map/Modular Elements/MainEntrance.fbx
  artifactKey: Guid(7b01191ad71c6a046a916407d86f879f) Importer(815301076,1909f56bfc062723c751e8b465ee728b)
Start importing Assets/Map/Modular Elements/MainEntrance.fbx using Guid(7b01191ad71c6a046a916407d86f879f) Importer(815301076,1909f56bfc062723c751e8b465ee728b)  -> (artifact id: '6e8e8714710ed445f66b70e02fb9bb19') in 0.026508 seconds 
========================================================================
Received Import Request.
  Time since last request: 81.314210 seconds.
  path: Assets/Map/Modular Elements/MainEntrance.fbx
  artifactKey: Guid(7b01191ad71c6a046a916407d86f879f) Importer(815301076,1909f56bfc062723c751e8b465ee728b)
Start importing Assets/Map/Modular Elements/MainEntrance.fbx using Guid(7b01191ad71c6a046a916407d86f879f) Importer(815301076,1909f56bfc062723c751e8b465ee728b)  -> (artifact id: '0384b8b96628f6bd65ee6633a71e26a5') in 0.023959 seconds 
========================================================================
Received Import Request.
  Time since last request: 215.179947 seconds.
  path: Assets/Map/Modular Elements/Basement/Basement_Corner.fbx
  artifactKey: Guid(527c04c8270666446956c32215f020ad) Importer(815301076,1909f56bfc062723c751e8b465ee728b)
Start importing Assets/Map/Modular Elements/Basement/Basement_Corner.fbx using Guid(527c04c8270666446956c32215f020ad) Importer(815301076,1909f56bfc062723c751e8b465ee728b)  -> (artifact id: 'cdac4bda266fc950f43922e34c6d98a6') in 0.042928 seconds 
========================================================================
Received Import Request.
  Time since last request: 0.000052 seconds.
  path: Assets/Map/Modular Elements/Basement/Basement_Wall_S.fbx
  artifactKey: Guid(8cb65764e21fdd34bad3f60e188ec158) Importer(815301076,1909f56bfc062723c751e8b465ee728b)
Start importing Assets/Map/Modular Elements/Basement/Basement_Wall_S.fbx using Guid(8cb65764e21fdd34bad3f60e188ec158) Importer(815301076,1909f56bfc062723c751e8b465ee728b)  -> (artifact id: 'd1673f20aa39be8fd6185667df72ff7e') in 0.047598 seconds 
========================================================================
Received Import Request.
  Time since last request: 12.090895 seconds.
  path: Assets/Map/Modular Elements/DiningRoom/Dining_BlankWall_L.fbx
  artifactKey: Guid(0438f9966de8b7a45a2f24821fb4ed82) Importer(815301076,1909f56bfc062723c751e8b465ee728b)
Start importing Assets/Map/Modular Elements/DiningRoom/Dining_BlankWall_L.fbx using Guid(0438f9966de8b7a45a2f24821fb4ed82) Importer(815301076,1909f56bfc062723c751e8b465ee728b)  -> (artifact id: '703d5767e193a68981f9f8558b9d8041') in 0.030480 seconds 
========================================================================
Received Import Request.
  Time since last request: 0.000043 seconds.
  path: Assets/Map/Modular Elements/DiningRoom/Dining_Wall_S.fbx
  artifactKey: Guid(24629d913bd5f784b95a41435e55619e) Importer(815301076,1909f56bfc062723c751e8b465ee728b)
Start importing Assets/Map/Modular Elements/DiningRoom/Dining_Wall_S.fbx using Guid(24629d913bd5f784b95a41435e55619e) Importer(815301076,1909f56bfc062723c751e8b465ee728b)  -> (artifact id: '0e1413dec965650ead392b026660c49b') in 0.028303 seconds 
========================================================================
Received Import Request.
  Time since last request: 247.720950 seconds.
  path: Assets/Map/Modular Elements/DiningRoom/Dining_Column.fbx
  artifactKey: Guid(d0594c7b3087e104db4b7aeebfa067db) Importer(815301076,1909f56bfc062723c751e8b465ee728b)
Start importing Assets/Map/Modular Elements/DiningRoom/Dining_Column.fbx using Guid(d0594c7b3087e104db4b7aeebfa067db) Importer(815301076,1909f56bfc062723c751e8b465ee728b)  -> (artifact id: 'bd6e6a906011a3b444e71d78d34a4048') in 0.028395 seconds 
========================================================================
Received Import Request.
  Time since last request: 1414.487021 seconds.
  path: Assets/Map/Modular Elements/Basement/Basement_Corner_L.fbx
  artifactKey: Guid(fb7478aba6eb98c4484d67491dd1997e) Importer(815301076,1909f56bfc062723c751e8b465ee728b)
Start importing Assets/Map/Modular Elements/Basement/Basement_Corner_L.fbx using Guid(fb7478aba6eb98c4484d67491dd1997e) Importer(815301076,1909f56bfc062723c751e8b465ee728b)  -> (artifact id: '7506f7fbb8635c95d12a5fe62c13a739') in 0.056715 seconds 
